Base path: 'C:/Program Files/Unity/Hub/Editor/2019.3.3f1/Editor/Data', plugins path 'C:/Program Files/Unity/Hub/Editor/2019.3.3f1/Editor/Data/PlaybackEngines'
Cmd: initializeCompiler
Cmd: compileSnippet
  api=4 type=1 insize=2295 outsize=446 kw= pd=UNITY_ENABLE_REFLECTION_BUFFERS UNITY_USE_DITHER_MASK_FOR_ALPHABLENDED_SHADOWS UNITY_PBS_USE_BRDF1 UNITY_SPECCUBE_BOX_PROJECTION UNITY_SPECCUBE_BLENDING UNITY_ENABLE_DETAIL_NORMALMAP SHADER_API_DESKTOP UNITY_COLORSPACE_GAMMA UNITY_LIGHT_PROBE_PROXY_VOLUME UNITY_LIGHTMAP_FULL_HDR ok=1
Cmd: compileSnippet
  api=4 type=1 insize=20436 outsize=5690 kw=UNITY_PASS_FORWARDBASE DIRECTIONAL DIRLIGHTMAP_COMBINED DYNAMICLIGHTMAP_ON pd=UNITY_ENABLE_REFLECTION_BUFFERS UNITY_USE_DITHER_MASK_FOR_ALPHABLENDED_SHADOWS UNITY_PBS_USE_BRDF1 UNITY_SPECCUBE_BOX_PROJECTION UNITY_SPECCUBE_BLENDING UNITY_ENABLE_DETAIL_NORMALMAP SHADER_API_DESKTOP UNITY_COLORSPACE_GAMMA UNITY_LIGHT_PROBE_PROXY_VOLUME UNITY_LIGHTMAP_FULL_HDR ok=1
Cmd: initializeCompiler
Cmd: compileComputeKernel
  api=4 insize=12919 outsize=1499 ok=1
Cmd: compileComputeKernel
  api=4 insize=12919 outsize=1099 ok=1
Cmd: compileComputeKernel
  api=4 insize=12919 outsize=1198 ok=1
Cmd: compileComputeKernel
  api=4 insize=12919 outsize=1848 ok=1
Cmd: compileComputeKernel
  api=4 insize=12919 outsize=1840 ok=1
Cmd: compileComputeKernel
  api=4 insize=12919 outsize=1971 ok=1
Cmd: compileComputeKernel
  api=4 insize=12919 outsize=1579 ok=1
Cmd: compileComputeKernel
  api=4 insize=12919 outsize=2631 ok=1
Cmd: compileComputeKernel
  api=4 insize=12919 outsize=2218 ok=1
Cmd: compileComputeKernel
  api=4 insize=11985 outsize=1465 ok=1
Cmd: compileComputeKernel
  api=4 insize=11985 outsize=1465 ok=1
Cmd: compileComputeKernel
  api=4 insize=11985 outsize=1905 ok=1
Cmd: compileComputeKernel
  api=4 insize=11985 outsize=1497 ok=1
Cmd: compileComputeKernel
  api=4 insize=11985 outsize=1499 ok=1
Cmd: compileComputeKernel
  api=4 insize=11985 outsize=1528 ok=1
Cmd: compileComputeKernel
  api=4 insize=17013 outsize=2137 ok=1
Cmd: compileComputeKernel
  api=4 insize=17013 outsize=3291 ok=1
Cmd: compileComputeKernel
  api=4 insize=17013 outsize=3276 ok=1
Cmd: compileComputeKernel
  api=4 insize=17013 outsize=5893 ok=1
Cmd: compileComputeKernel
  api=4 insize=74735 outsize=2850 ok=1
Cmd: compileComputeKernel
  api=4 insize=74735 outsize=2795 ok=1
Cmd: compileComputeKernel
  api=4 insize=74735 outsize=3099 ok=1
Cmd: compileComputeKernel
  api=4 insize=74735 outsize=1579 ok=1
Cmd: compileComputeKernel
  api=4 insize=74735 outsize=2631 ok=1
Cmd: compileComputeKernel
  api=4 insize=74735 outsize=2479 ok=1
Cmd: compileComputeKernel
  api=4 insize=74735 outsize=1634 ok=1
Cmd: compileComputeKernel
  api=4 insize=74735 outsize=2634 ok=1
Cmd: compileComputeKernel
  api=4 insize=74735 outsize=1489 ok=1
Cmd: compileComputeKernel
  api=4 insize=74735 outsize=2041 ok=1
Cmd: compileComputeKernel
  api=4 insize=74735 outsize=2029 ok=1
Cmd: compileComputeKernel
  api=4 insize=74735 outsize=1647 ok=1
Cmd: compileComputeKernel
  api=4 insize=74735 outsize=1610 ok=1
Cmd: compileComputeKernel
  api=4 insize=74735 outsize=1324 ok=1
Cmd: compileComputeKernel
  api=4 insize=74735 outsize=1284 ok=1
Cmd: compileComputeKernel
  api=4 insize=74735 outsize=1310 ok=1
Cmd: compileComputeKernel
  api=4 insize=74735 outsize=1631 ok=1
Cmd: compileComputeKernel
  api=4 insize=74735 outsize=1520 ok=1
Cmd: compileComputeKernel
  api=4 insize=74735 outsize=1547 ok=1
Cmd: compileComputeKernel
  api=4 insize=74735 outsize=1311 ok=1
Cmd: compileComputeKernel
  api=4 insize=74735 outsize=1777 ok=1
Cmd: compileComputeKernel
  api=4 insize=74735 outsize=1628 ok=1
Cmd: compileComputeKernel
  api=4 insize=74735 outsize=1401 ok=1
Cmd: compileComputeKernel
  api=4 insize=74735 outsize=1287 ok=1
Cmd: compileComputeKernel
  api=4 insize=74735 outsize=1380 ok=1
Cmd: compileComputeKernel
  api=4 insize=74735 outsize=1319 ok=1
Cmd: compileComputeKernel
  api=4 insize=74735 outsize=1364 ok=1
Cmd: compileComputeKernel
  api=4 insize=74735 outsize=1819 ok=1
Cmd: compileComputeKernel
  api=4 insize=74735 outsize=1819 ok=1
Cmd: compileComputeKernel
  api=4 insize=74735 outsize=2259 ok=1
Cmd: compileComputeKernel
  api=4 insize=74735 outsize=1819 ok=1
Cmd: compileComputeKernel
  api=4 insize=74735 outsize=1848 ok=1
Cmd: compileComputeKernel
  api=4 insize=74735 outsize=1849 ok=1
Cmd: compileComputeKernel
  api=4 insize=74735 outsize=1997 ok=1
Cmd: compileComputeKernel
  api=4 insize=74735 outsize=1998 ok=1
Cmd: compileComputeKernel
  api=4 insize=74735 outsize=1326 ok=1
Cmd: compileComputeKernel
  api=4 insize=74735 outsize=1301 ok=1
Cmd: compileComputeKernel
  api=4 insize=74735 outsize=1301 ok=1
Cmd: compileComputeKernel
  api=4 insize=74735 outsize=1590 ok=1
Cmd: compileComputeKernel
  api=4 insize=74735 outsize=1449 ok=1
Cmd: compileComputeKernel
  api=4 insize=74735 outsize=1680 ok=1
Cmd: compileComputeKernel
  api=4 insize=74735 outsize=1427 ok=1
Cmd: compileComputeKernel
  api=4 insize=74735 outsize=923 ok=1
Cmd: compileComputeKernel
  api=4 insize=74735 outsize=1382 ok=1
Cmd: compileComputeKernel
  api=4 insize=73293 outsize=7888 ok=1
Cmd: compileComputeKernel
  api=4 insize=57129 outsize=677 ok=1
Cmd: compileComputeKernel
  api=4 insize=57129 outsize=629 ok=1
Cmd: compileComputeKernel
  api=4 insize=57129 outsize=675 ok=1
Cmd: compileComputeKernel
  api=4 insize=57129 outsize=680 ok=1
Cmd: compileComputeKernel
  api=4 insize=57129 outsize=638 ok=1
Cmd: compileComputeKernel
  api=4 insize=57129 outsize=695 ok=1
Cmd: compileComputeKernel
  api=4 insize=57129 outsize=1032 ok=1
Cmd: compileComputeKernel
  api=4 insize=57129 outsize=1005 ok=1
Cmd: compileComputeKernel
  api=4 insize=57129 outsize=854 ok=1
Cmd: compileComputeKernel
  api=4 insize=57129 outsize=1023 ok=1
Cmd: compileComputeKernel
  api=4 insize=57129 outsize=844 ok=1
Cmd: compileComputeKernel
  api=4 insize=57129 outsize=701 ok=1
Cmd: compileComputeKernel
  api=4 insize=57129 outsize=622 ok=1
Cmd: compileComputeKernel
  api=4 insize=57129 outsize=831 ok=1
Cmd: compileComputeKernel
  api=4 insize=57129 outsize=837 ok=1
Cmd: compileComputeKernel
  api=4 insize=57129 outsize=1081 ok=1
Cmd: compileComputeKernel
  api=4 insize=57129 outsize=1018 ok=1
Cmd: compileComputeKernel
  api=4 insize=57129 outsize=847 ok=1
Cmd: compileComputeKernel
  api=4 insize=57129 outsize=791 ok=1
Cmd: compileComputeKernel
  api=4 insize=57129 outsize=677 ok=1
Cmd: compileComputeKernel
  api=4 insize=57129 outsize=772 ok=1
Cmd: compileComputeKernel
  api=4 insize=57129 outsize=629 ok=1
Cmd: compileComputeKernel
  api=4 insize=57129 outsize=709 ok=1
Cmd: compileComputeKernel
  api=4 insize=57129 outsize=1134 ok=1
Cmd: compileComputeKernel
  api=4 insize=57129 outsize=1229 ok=1
Cmd: compileComputeKernel
  api=4 insize=57129 outsize=1258 ok=1
Cmd: compileComputeKernel
  api=4 insize=57129 outsize=1547 ok=1
Cmd: compileComputeKernel
  api=4 insize=57129 outsize=1520 ok=1
Cmd: compileComputeKernel
  api=4 insize=57129 outsize=1369 ok=1
Cmd: compileComputeKernel
  api=4 insize=57129 outsize=1363 ok=1
Cmd: compileComputeKernel
  api=4 insize=57129 outsize=1402 ok=1
Cmd: compileComputeKernel
  api=4 insize=57129 outsize=1296 ok=1
Cmd: compileComputeKernel
  api=4 insize=57129 outsize=1288 ok=1
Cmd: compileComputeKernel
  api=4 insize=57129 outsize=1288 ok=1
Cmd: compileComputeKernel
  api=4 insize=57129 outsize=1284 ok=1
Cmd: compileComputeKernel
  api=4 insize=57129 outsize=1369 ok=1
Cmd: compileComputeKernel
  api=4 insize=57129 outsize=1618 ok=1
Cmd: compileComputeKernel
  api=4 insize=57129 outsize=1364 ok=1
Cmd: compileComputeKernel
  api=4 insize=57129 outsize=1533 ok=1
Cmd: compileComputeKernel
  api=4 insize=57129 outsize=1334 ok=1
Cmd: compileComputeKernel
  api=4 insize=57129 outsize=1565 ok=1
Cmd: compileComputeKernel
  api=4 insize=57129 outsize=1334 ok=1
Cmd: compileComputeKernel
  api=4 insize=57129 outsize=1805 ok=1
Cmd: compileComputeKernel
  api=4 insize=57129 outsize=1378 ok=1
Cmd: compileComputeKernel
  api=4 insize=57129 outsize=1287 ok=1
Cmd: compileComputeKernel
  api=4 insize=57129 outsize=1380 ok=1
Cmd: compileComputeKernel
  api=4 insize=57129 outsize=1287 ok=1
Cmd: compileComputeKernel
  api=4 insize=57129 outsize=1361 ok=1
Cmd: compileComputeKernel
  api=4 insize=57129 outsize=1296 ok=1
Cmd: compileComputeKernel
  api=4 insize=79371 outsize=6812 ok=1
Cmd: compileComputeKernel
  api=4 insize=79371 outsize=11445 ok=1
Cmd: compileComputeKernel
  api=4 insize=79371 outsize=9841 ok=1
Cmd: compileComputeKernel
  api=4 insize=79371 outsize=27630 ok=1
Cmd: compileComputeKernel
  api=4 insize=79371 outsize=25006 ok=1
Cmd: compileComputeKernel
  api=4 insize=79371 outsize=3725 ok=1
Cmd: compileComputeKernel
  api=4 insize=79371 outsize=12236 ok=1
Cmd: compileComputeKernel
  api=4 insize=4442 outsize=1449 ok=1
Cmd: compileComputeKernel
  api=4 insize=4442 outsize=1750 ok=1
